<?xml version="1.0" encoding="UTF-8"?>
<testng-results ignored="0" total="1" passed="1" failed="0" skipped="0">
  <reporter-output>
  </reporter-output>
  <suite started-at="2022-05-31T19:33:49 IST" name="Default suite" finished-at="2022-05-31T19:33:59 IST" duration-ms="9582">
    <groups>
    </groups>
    <test started-at="2022-05-31T19:33:49 IST" name="Default test" finished-at="2022-05-31T19:33:59 IST" duration-ms="9582">
      <class name="PlLottery.NewTest3">
        <test-method signature="proxy()[pri:0, instance:PlLottery.NewTest3@67c33749]" started-at="2022-05-31T19:33:49 IST" name="proxy" finished-at="2022-05-31T19:33:59 IST" duration-ms="9524" status="PASS">
          <reporter-output>
          </reporter-output>
        </test-method> <!-- proxy -->
      </class> <!-- PlLottery.NewTest3 -->
    </test> <!-- Default test -->
  </suite> <!-- Default suite -->
</testng-results>
