<?xml version="1.0" encoding="UTF-8"?>
<!-- Generated by org.testng.reporters.JUnitXMLReporter -->
<testsuite ignored="0" hostname="HCLL202116" failures="0" tests="1" name="Egypt" time="47.45" errors="0" timestamp="2022-05-24T16:35:35 IST">
  <testcase classname="PlLottery.NewTest" name="@BeforeMethod beforeMethod" time="47.39">
    <failure type="org.openqa.selenium.ElementNotInteractableException" message="element not interactable
  (Session info: MicrosoftEdge=101.0.1210.53)
Build info: version: &amp;apos;4.1.3&amp;apos;, revision: &amp;apos;7b1ebf28ef&amp;apos;
System info: host: &amp;apos;HCLL202116&amp;apos;, ip: &amp;apos;172.30.204.72&amp;apos;, os.name: &amp;apos;Windows 10&amp;apos;, os.arch: &amp;apos;amd64&amp;apos;, os.version: &amp;apos;10.0&amp;apos;, java.version: &amp;apos;17.0.1&amp;apos;
Driver info: org.openqa.selenium.edge.EdgeDriver
Command: [3a790dcc409c76f45494ac55ee1ff9f4, clickElement {id=5e796647-2248-4113-94bb-99531b9227c1}]
Capabilities {acceptInsecureCerts: false, browserName: msedge, browserVersion: 101.0.1210.53, javascriptEnabled: true, ms:edgeOptions: {debuggerAddress: localhost:51604}, msedge: {msedgedriverVersion: 101.0.1210.47 (f5323bd54bb6..., userDataDir: C:\Users\kbf27681\AppData\L...}, networkConnectionEnabled: false, pageLoadStrategy: normal, platform: WINDOWS, platformName: WINDOWS, proxy: Proxy(manual, http= http://..., se:cdp: ws://localhost:51604/devtoo..., se:cdpVersion: 101.0.1210.53, setWindowRect: true, strictFileInteractability: false, timeouts: {implicit: 0, pageLoad: 300000, script: 30000}, unhandledPromptBehavior: dismiss and notify, webauthn:extension:credBlob: true, webauthn:extension:largeBlob: true, webauthn:virtualAuthenticators: true}
Element: [[EdgeDriver: msedge on WINDOWS (3a790dcc409c76f45494ac55ee1ff9f4)] -&amp;gt; xpath: //*[@id=&amp;quot;__layout&amp;quot;]/div/div[1]/div[3]/div[2]/div[3]/div/button]
Session ID: 3a790dcc409c76f45494ac55ee1ff9f4">
      <![CDATA[org.openqa.selenium.ElementNotInteractableException: element not interactable
  (Session info: MicrosoftEdge=101.0.1210.53)
Build info: version: '4.1.3', revision: '7b1ebf28ef'
System info: host: 'HCLL202116', ip: '172.30.204.72', os.name: 'Windows 10', os.arch: 'amd64', os.version: '10.0', java.version: '17.0.1'
Driver info: org.openqa.selenium.edge.EdgeDriver
Command: [3a790dcc409c76f45494ac55ee1ff9f4, clickElement {id=5e796647-2248-4113-94bb-99531b9227c1}]
Capabilities {acceptInsecureCerts: false, browserName: msedge, browserVersion: 101.0.1210.53, javascriptEnabled: true, ms:edgeOptions: {debuggerAddress: localhost:51604}, msedge: {msedgedriverVersion: 101.0.1210.47 (f5323bd54bb6..., userDataDir: C:\Users\kbf27681\AppData\L...}, networkConnectionEnabled: false, pageLoadStrategy: normal, platform: WINDOWS, platformName: WINDOWS, proxy: Proxy(manual, http= http://..., se:cdp: ws://localhost:51604/devtoo..., se:cdpVersion: 101.0.1210.53, setWindowRect: true, strictFileInteractability: false, timeouts: {implicit: 0, pageLoad: 300000, script: 30000}, unhandledPromptBehavior: dismiss and notify, webauthn:extension:credBlob: true, webauthn:extension:largeBlob: true, webauthn:virtualAuthenticators: true}
Element: [[EdgeDriver: msedge on WINDOWS (3a790dcc409c76f45494ac55ee1ff9f4)] -> xpath: //*[@id="__layout"]/div/div[1]/div[3]/div[2]/div[3]/div/button]
Session ID: 3a790dcc409c76f45494ac55ee1ff9f4
at org.openqa.selenium.remote.codec.w3c.W3CHttpResponseCodec.createException(W3CHttpResponseCodec.java:200)
at org.openqa.selenium.remote.codec.w3c.W3CHttpResponseCodec.decode(W3CHttpResponseCodec.java:133)
at org.openqa.selenium.remote.codec.w3c.W3CHttpResponseCodec.decode(W3CHttpResponseCodec.java:53)
at org.openqa.selenium.remote.HttpCommandExecutor.execute(HttpCommandExecutor.java:184)
at org.openqa.selenium.remote.service.DriverCommandExecutor.invokeExecute(DriverCommandExecutor.java:167)
at org.openqa.selenium.remote.service.DriverCommandExecutor.execute(DriverCommandExecutor.java:142)
at org.openqa.selenium.remote.RemoteWebDriver.execute(RemoteWebDriver.java:567)
at org.openqa.selenium.remote.RemoteWebElement.execute(RemoteWebElement.java:251)
at org.openqa.selenium.remote.RemoteWebElement.click(RemoteWebElement.java:77)
at PlLottery.NewTest.beforeMethod(NewTest.java:56)
at java.base/java.util.ArrayList.forEach(ArrayList.java:1511)
... Removed 36 stack frames]]>
    </failure>
  </testcase> <!-- @BeforeMethod beforeMethod -->
  <testcase classname="PlLottery.NewTest" name="Diamond" time="0.0">
    <skipped/>
  </testcase> <!-- Diamond -->
</testsuite> <!-- Egypt -->
