<?xml version="1.0" encoding="UTF-8"?>
<!-- Generated by org.testng.reporters.JUnitXMLReporter -->
<testsuite ignored="10" hostname="HCLL202116" failures="0" tests="1" name="monetki" time="110.317" errors="0" timestamp="2022-06-01T15:14:59 IST">
  <testcase classname="PlLottery.login" name="monetki" time="61.843"/>
  <testcase classname="PlLottery.login" name="krzyowki" time="0.0">
    <ignored/>
  </testcase> <!-- krzyowki -->
  <testcase classname="PlLottery.login" name="Kamyki" time="0.0">
    <ignored/>
  </testcase> <!-- Kamyki -->
  <testcase classname="PlLottery.login" name="Gwiazdki" time="0.0">
    <ignored/>
  </testcase> <!-- Gwiazdki -->
  <testcase classname="PlLottery.login" name="Totemki" time="0.0">
    <ignored/>
  </testcase> <!-- Totemki -->
  <testcase classname="PlLottery.login" name="gp" time="0.0">
    <ignored/>
  </testcase> <!-- gp -->
  <testcase classname="PlLottery.login" name="Kurki" time="0.0">
    <ignored/>
  </testcase> <!-- Kurki -->
  <testcase classname="PlLottery.login" name="znaczki" time="0.0">
    <ignored/>
  </testcase> <!-- znaczki -->
  <testcase classname="PlLottery.login" name="Owocki" time="0.0">
    <ignored/>
  </testcase> <!-- Owocki -->
  <testcase classname="PlLottery.login" name="Skrzynki" time="0.0">
    <ignored/>
  </testcase> <!-- Skrzynki -->
  <testcase classname="PlLottery.login" name="Siódemki" time="0.0">
    <ignored/>
  </testcase> <!-- Siódemki -->
</testsuite> <!-- monetki -->
