<?xml version="1.0" encoding="UTF-8"?>
<!-- Generated by org.testng.reporters.JUnitXMLReporter -->
<testsuite ignored="10" hostname="HCLL202116" failures="0" tests="1" name="Skrzynki" time="4.501" errors="0" timestamp="2022-05-31T19:34:54 IST">
  <testcase classname="PlLottery.login" name="@BeforeTest beforeMethod" time="4.493">
    <failure type="org.openqa.selenium.WebDriverException" message="unknown error: cannot determine loading status
from disconnected: received Inspector.detached event
  (Session info: MicrosoftEdge=101.0.1210.53)
Build info: version: &amp;apos;4.1.3&amp;apos;, revision: &amp;apos;7b1ebf28ef&amp;apos;
System info: host: &amp;apos;HCLL202116&amp;apos;, ip: &amp;apos;172.30.204.127&amp;apos;, os.name: &amp;apos;Windows 10&amp;apos;, os.arch: &amp;apos;amd64&amp;apos;, os.version: &amp;apos;10.0&amp;apos;, java.version: &amp;apos;17.0.1&amp;apos;
Driver info: org.openqa.selenium.edge.EdgeDriver
Command: [f2354c4a647370dae095a4da36ef0ae8, get {url=https://staging.devlotto.pl/}]
Capabilities {acceptInsecureCerts: false, browserName: msedge, browserVersion: 101.0.1210.53, javascriptEnabled: true, ms:edgeOptions: {debuggerAddress: localhost:59897}, msedge: {msedgedriverVersion: 101.0.1210.47 (f5323bd54bb6..., userDataDir: C:\Users\kbf27681\AppData\L...}, networkConnectionEnabled: false, pageLoadStrategy: normal, platform: WINDOWS, platformName: WINDOWS, proxy: Proxy(manual, http= http://..., se:cdp: ws://localhost:59897/devtoo..., se:cdpVersion: 101.0.1210.53, setWindowRect: true, strictFileInteractability: false, timeouts: {implicit: 0, pageLoad: 300000, script: 30000}, unhandledPromptBehavior: dismiss and notify, webauthn:extension:credBlob: true, webauthn:extension:largeBlob: true, webauthn:virtualAuthenticators: true}
Session ID: f2354c4a647370dae095a4da36ef0ae8">
      <![CDATA[org.openqa.selenium.WebDriverException: unknown error: cannot determine loading status
from disconnected: received Inspector.detached event
  (Session info: MicrosoftEdge=101.0.1210.53)
Build info: version: '4.1.3', revision: '7b1ebf28ef'
System info: host: 'HCLL202116', ip: '172.30.204.127', os.name: 'Windows 10', os.arch: 'amd64', os.version: '10.0', java.version: '17.0.1'
Driver info: org.openqa.selenium.edge.EdgeDriver
Command: [f2354c4a647370dae095a4da36ef0ae8, get {url=https://staging.devlotto.pl/}]
Capabilities {acceptInsecureCerts: false, browserName: msedge, browserVersion: 101.0.1210.53, javascriptEnabled: true, ms:edgeOptions: {debuggerAddress: localhost:59897}, msedge: {msedgedriverVersion: 101.0.1210.47 (f5323bd54bb6..., userDataDir: C:\Users\kbf27681\AppData\L...}, networkConnectionEnabled: false, pageLoadStrategy: normal, platform: WINDOWS, platformName: WINDOWS, proxy: Proxy(manual, http= http://..., se:cdp: ws://localhost:59897/devtoo..., se:cdpVersion: 101.0.1210.53, setWindowRect: true, strictFileInteractability: false, timeouts: {implicit: 0, pageLoad: 300000, script: 30000}, unhandledPromptBehavior: dismiss and notify, webauthn:extension:credBlob: true, webauthn:extension:largeBlob: true, webauthn:virtualAuthenticators: true}
Session ID: f2354c4a647370dae095a4da36ef0ae8
at org.openqa.selenium.remote.codec.w3c.W3CHttpResponseCodec.createException(W3CHttpResponseCodec.java:200)
at org.openqa.selenium.remote.codec.w3c.W3CHttpResponseCodec.decode(W3CHttpResponseCodec.java:133)
at org.openqa.selenium.remote.codec.w3c.W3CHttpResponseCodec.decode(W3CHttpResponseCodec.java:53)
at org.openqa.selenium.remote.HttpCommandExecutor.execute(HttpCommandExecutor.java:184)
at org.openqa.selenium.remote.service.DriverCommandExecutor.invokeExecute(DriverCommandExecutor.java:167)
at org.openqa.selenium.remote.service.DriverCommandExecutor.execute(DriverCommandExecutor.java:142)
at org.openqa.selenium.remote.RemoteWebDriver.execute(RemoteWebDriver.java:567)
at org.openqa.selenium.remote.RemoteWebDriver.get(RemoteWebDriver.java:330)
at PlLottery.login.beforeMethod(login.java:55)
... Removed 29 stack frames]]>
    </failure>
  </testcase> <!-- @BeforeTest beforeMethod -->
  <testcase classname="PlLottery.login" name="Skrzynki" time="0.0">
    <skipped/>
  </testcase> <!-- Skrzynki -->
  <testcase classname="PlLottery.login" name="krzyowki" time="0.0">
    <ignored/>
  </testcase> <!-- krzyowki -->
  <testcase classname="PlLottery.login" name="Gwiazdki" time="0.0">
    <ignored/>
  </testcase> <!-- Gwiazdki -->
  <testcase classname="PlLottery.login" name="Kamyki" time="0.0">
    <ignored/>
  </testcase> <!-- Kamyki -->
  <testcase classname="PlLottery.login" name="Totemki" time="0.0">
    <ignored/>
  </testcase> <!-- Totemki -->
  <testcase classname="PlLottery.login" name="gp" time="0.0">
    <ignored/>
  </testcase> <!-- gp -->
  <testcase classname="PlLottery.login" name="Kurki" time="0.0">
    <ignored/>
  </testcase> <!-- Kurki -->
  <testcase classname="PlLottery.login" name="znaczki" time="0.0">
    <ignored/>
  </testcase> <!-- znaczki -->
  <testcase classname="PlLottery.login" name="Owocki" time="0.0">
    <ignored/>
  </testcase> <!-- Owocki -->
  <testcase classname="PlLottery.login" name="monetki" time="0.0">
    <ignored/>
  </testcase> <!-- monetki -->
  <testcase classname="PlLottery.login" name="Siódemki" time="0.0">
    <ignored/>
  </testcase> <!-- Siódemki -->
</testsuite> <!-- Skrzynki -->
